<?xml version="1.0" encoding="UTF-8"?>
<testng-results ignored="0" total="1" passed="1" failed="0" skipped="0">
  <reporter-output>
  </reporter-output>
  <suite started-at="2021-06-21T07:25:58 IST" name="Default suite" finished-at="2021-06-21T07:27:03 IST" duration-ms="64885">
    <groups>
    </groups>
    <test started-at="2021-06-21T07:25:58 IST" name="Default test" finished-at="2021-06-21T07:27:03 IST" duration-ms="64885">
      <class name="yatraProgram.selectPlace">
        <test-method is-config="true" signature="openBrowser()[pri:0, instance:yatraProgram.selectPlace@26275bef]" started-at="2021-06-21T07:25:58 IST" name="openBrowser" finished-at="2021-06-21T07:26:20 IST" duration-ms="22153" status="PASS">
          <reporter-output>
          </reporter-output>
        </test-method> <!-- openBrowser -->
        <test-method signature="place()[pri:0, instance:yatraProgram.selectPlace@26275bef]" started-at="2021-06-21T07:26:20 IST" name="place" finished-at="2021-06-21T07:26:59 IST" duration-ms="38534" status="PASS">
          <reporter-output>
          </reporter-output>
        </test-method> <!-- place -->
        <test-method is-config="true" signature="closeBrowser()[pri:0, instance:yatraProgram.selectPlace@26275bef]" started-at="2021-06-21T07:26:59 IST" name="closeBrowser" finished-at="2021-06-21T07:27:03 IST" duration-ms="4154" status="PASS">
          <reporter-output>
          </reporter-output>
        </test-method> <!-- closeBrowser -->
      </class> <!-- yatraProgram.selectPlace -->
    </test> <!-- Default test -->
  </suite> <!-- Default suite -->
</testng-results>
